Watching for file changes with StatReloader
INFO Watching for file changes with StatReloader
Error: That port is already in use.
oad 519552 130758127190144 Watching for file changes with StatReloader
WARNING 2025-12-20 13:02:05,465 log 9 136339382565760 Not Found: /static/admin/css/base.css
WARNING 2025-12-20 13:02:05,471 log 9 136339382565760 Not Found: /static/admin/css/dark_mode.css
WARNING 2025-12-20 13:02:05,481 log 9 136339382565760 Not Found: /static/admin/js/theme.js
WARNING 2025-12-20 13:02:05,491 log 9 136339382565760 Not Found: /static/admin/css/base.css
WARNING 2025-12-20 13:02:05,500 log 9 136339382565760 Not Found: /static/admin/css/dark_mode.css
WARNING 2025-12-20 13:02:05,512 log 9 136339382565760 Not Found: /static/admin/css/nav_sidebar.css
WARNING 2025-12-20 13:02:05,526 log 9 136339382565760 Not Found: /static/admin/js/theme.js
WARNING 2025-12-20 13:02:05,540 log 9 136339382565760 Not Found: /static/admin/css/login.css
WARNING 2025-12-20 13:02:05,556 log 9 136339382565760 Not Found: /static/admin/css/nav_sidebar.css
WARNING 2025-12-20 13:02:05,568 log 9 136339382565760 Not Found: /static/admin/css/responsive.css
WARNING 2025-12-20 13:02:05,580 log 9 136339382565760 Not Found: /static/admin/js/nav_sidebar.js
WARNING 2025-12-20 13:02:05,590 log 9 136339382565760 Not Found: /static/admin/css/login.css
WARNING 2025-12-20 13:02:05,600 log 9 136339382565760 Not Found: /static/admin/css/responsive.css
WARNING 2025-12-20 13:02:05,610 log 9 136339382565760 Not Found: /static/admin/js/nav_sidebar.js
WARNING 2025-12-20 13:02:09,187 log 9 136339382565760 Not Found: /
WARNING 2025-12-20 13:03:28,589 log 17 136339382565760 Not Found: /static/admin/css/base.css
WARNING 2025-12-20 13:03:28,597 log 17 136339382565760 Not Found: /static/admin/css/dark_mode.css
WARNING 2025-12-20 13:03:28,608 log 17 136339382565760 Not Found: /static/admin/js/theme.js
WARNING 2025-12-20 13:03:28,629 log 17 136339382565760 Not Found: /static/admin/css/nav_sidebar.css
WARNING 2025-12-20 13:03:28,637 log 17 136339382565760 Not Found: /static/admin/css/login.css
WARNING 2025-12-20 13:03:28,649 log 17 136339382565760 Not Found: /static/admin/css/responsive.css
WARNING 2025-12-20 13:03:28,660 log 17 136339382565760 Not Found: /static/admin/js/nav_sidebar.js
WARNING 2025-12-20 13:04:10,411 log 21 136339382565760 Not Found: /static/admin/css/base.css
WARNING 2025-12-20 13:04:10,426 log 21 136339382565760 Not Found: /static/admin/css/dark_mode.css
WARNING 2025-12-20 13:04:10,442 log 21 136339382565760 Not Found: /static/admin/css/nav_sidebar.css
WARNING 2025-12-20 13:04:10,457 log 21 136339382565760 Not Found: /static/admin/css/responsive.css
WARNING 2025-12-20 13:04:10,470 log 21 136339382565760 Not Found: /static/admin/js/theme.js
WARNING 2025-12-20 13:04:10,485 log 21 136339382565760 Not Found: /static/admin/css/dashboard.css
WARNING 2025-12-20 13:04:10,500 log 21 136339382565760 Not Found: /static/admin/css/nav_sidebar.css
WARNING 2025-12-20 13:04:10,511 log 21 136339382565760 Not Found: /static/admin/css/responsive.css
WARNING 2025-12-20 13:04:10,522 log 21 136339382565760 Not Found: /static/admin/js/nav_sidebar.js
ERROR 2025-12-20 19:35:54,183 log 13 136959628376960 Internal Server Error: /api/ticket/tickets/
Traceback (most recent call last):
  File "/usr/local/lib/python3.12/site-packages/django/core/handlers/exception.py", line 55, in inner
    response = get_response(request)
               ^^^^^^^^^^^^^^^^^^^^^
  File "/usr/local/lib/python3.12/site-packages/django/core/handlers/base.py", line 198, in _get_response
    response = wrapped_callback(request, *callback_args, **callback_kwargs)
               ^^^^^^^^^^^^^^^^^^^^^^^^^^^^^^^^^^^^^^^^^^^^^^^^^^^^^^^^^^^^
  File "/usr/local/lib/python3.12/site-packages/django/views/decorators/csrf.py", line 65, in _view_wrapper
    return view_func(request, *args, **kwargs)
           ^^^^^^^^^^^^^^^^^^^^^^^^^^^^^^^^^^^
  File "/usr/local/lib/python3.12/site-packages/rest_framework/viewsets.py", line 125, in view
    return self.dispatch(request, *args, **kwargs)
           ^^^^^^^^^^^^^^^^^^^^^^^^^^^^^^^^^^^^^^^
  File "/usr/local/lib/python3.12/site-packages/rest_framework/views.py", line 515, in dispatch
    response = self.handle_exception(exc)
               ^^^^^^^^^^^^^^^^^^^^^^^^^^
  File "/usr/local/lib/python3.12/site-packages/rest_framework/views.py", line 475, in handle_exception
    self.raise_uncaught_exception(exc)
  File "/usr/local/lib/python3.12/site-packages/rest_framework/views.py", line 486, in raise_uncaught_exception
    raise exc
  File "/usr/local/lib/python3.12/site-packages/rest_framework/views.py", line 512, in dispatch
    response = handler(request, *args, **kwargs)
               ^^^^^^^^^^^^^^^^^^^^^^^^^^^^^^^^^
  File "/usr/local/lib/python3.12/site-packages/rest_framework/mixins.py", line 19, in create
    self.perform_create(serializer)
  File "/app/apps/ticket/views.py", line 35, in perform_create
    self.assign_admin_to_ticket(ticket)
  File "/app/apps/ticket/views.py", line 49, in assign_admin_to_ticket
    logger.warning(f"Kategoriya {ticket.category.name}"
                                 ^^^^^^^^^^^^^^^^^^^^
AttributeError: 'Category' object has no attribute 'name'
ERROR 2025-12-20 19:35:55,256 log 13 136959628376960 Internal Server Error: /api/ticket/tickets/
Traceback (most recent call last):
  File "/usr/local/lib/python3.12/site-packages/django/core/handlers/exception.py", line 55, in inner
    response = get_response(request)
               ^^^^^^^^^^^^^^^^^^^^^
  File "/usr/local/lib/python3.12/site-packages/django/core/handlers/base.py", line 198, in _get_response
    response = wrapped_callback(request, *callback_args, **callback_kwargs)
               ^^^^^^^^^^^^^^^^^^^^^^^^^^^^^^^^^^^^^^^^^^^^^^^^^^^^^^^^^^^^
  File "/usr/local/lib/python3.12/site-packages/django/views/decorators/csrf.py", line 65, in _view_wrapper
    return view_func(request, *args, **kwargs)
           ^^^^^^^^^^^^^^^^^^^^^^^^^^^^^^^^^^^
  File "/usr/local/lib/python3.12/site-packages/rest_framework/viewsets.py", line 125, in view
    return self.dispatch(request, *args, **kwargs)
           ^^^^^^^^^^^^^^^^^^^^^^^^^^^^^^^^^^^^^^^
  File "/usr/local/lib/python3.12/site-packages/rest_framework/views.py", line 515, in dispatch
    response = self.handle_exception(exc)
               ^^^^^^^^^^^^^^^^^^^^^^^^^^
  File "/usr/local/lib/python3.12/site-packages/rest_framework/views.py", line 475, in handle_exception
    self.raise_uncaught_exception(exc)
  File "/usr/local/lib/python3.12/site-packages/rest_framework/views.py", line 486, in raise_uncaught_exception
    raise exc
  File "/usr/local/lib/python3.12/site-packages/rest_framework/views.py", line 512, in dispatch
    response = handler(request, *args, **kwargs)
               ^^^^^^^^^^^^^^^^^^^^^^^^^^^^^^^^^
  File "/usr/local/lib/python3.12/site-packages/rest_framework/mixins.py", line 19, in create
    self.perform_create(serializer)
  File "/app/apps/ticket/views.py", line 35, in perform_create
    self.assign_admin_to_ticket(ticket)
  File "/app/apps/ticket/views.py", line 49, in assign_admin_to_ticket
    logger.warning(f"Kategoriya {ticket.category.name}"
                                 ^^^^^^^^^^^^^^^^^^^^
AttributeError: 'Category' object has no attribute 'name'
ERROR 2025-12-20 19:35:57,320 log 13 136959628376960 Internal Server Error: /api/ticket/tickets/
Traceback (most recent call last):
  File "/usr/local/lib/python3.12/site-packages/django/core/handlers/exception.py", line 55, in inner
    response = get_response(request)
               ^^^^^^^^^^^^^^^^^^^^^
  File "/usr/local/lib/python3.12/site-packages/django/core/handlers/base.py", line 198, in _get_response
    response = wrapped_callback(request, *callback_args, **callback_kwargs)
               ^^^^^^^^^^^^^^^^^^^^^^^^^^^^^^^^^^^^^^^^^^^^^^^^^^^^^^^^^^^^
  File "/usr/local/lib/python3.12/site-packages/django/views/decorators/csrf.py", line 65, in _view_wrapper
    return view_func(request, *args, **kwargs)
           ^^^^^^^^^^^^^^^^^^^^^^^^^^^^^^^^^^^
  File "/usr/local/lib/python3.12/site-packages/rest_framework/viewsets.py", line 125, in view
    return self.dispatch(request, *args, **kwargs)
           ^^^^^^^^^^^^^^^^^^^^^^^^^^^^^^^^^^^^^^^
  File "/usr/local/lib/python3.12/site-packages/rest_framework/views.py", line 515, in dispatch
    response = self.handle_exception(exc)
               ^^^^^^^^^^^^^^^^^^^^^^^^^^
  File "/usr/local/lib/python3.12/site-packages/rest_framework/views.py", line 475, in handle_exception
    self.raise_uncaught_exception(exc)
  File "/usr/local/lib/python3.12/site-packages/rest_framework/views.py", line 486, in raise_uncaught_exception
    raise exc
  File "/usr/local/lib/python3.12/site-packages/rest_framework/views.py", line 512, in dispatch
    response = handler(request, *args, **kwargs)
               ^^^^^^^^^^^^^^^^^^^^^^^^^^^^^^^^^
  File "/usr/local/lib/python3.12/site-packages/rest_framework/mixins.py", line 19, in create
    self.perform_create(serializer)
  File "/app/apps/ticket/views.py", line 35, in perform_create
    self.assign_admin_to_ticket(ticket)
  File "/app/apps/ticket/views.py", line 49, in assign_admin_to_ticket
    logger.warning(f"Kategoriya {ticket.category.name}"
                                 ^^^^^^^^^^^^^^^^^^^^
AttributeError: 'Category' object has no attribute 'name'
WARNING 2025-12-20 19:42:46,029 log 11 129427941890944 Bad Request: /api/user/users/
WARNING 2025-12-20 19:45:58,831 views 10 139358245636992 Kategoriya Umumiy savollar uchun admin topilmadi
INFO 2025-12-20 19:48:22,307 views 10 139358245636992 Ticket TKT-14B35FBC admin 1 ga biriktirildi
INFO 2025-12-20 19:48:22,349 signals 10 139358245636992 Admin 5859017460 ga user javobi haqida push notification yuborildi
ERROR 2025-12-20 19:48:22,392 signals 10 139358172608192 Ticket ma'lumotlarini olishda xatolik: 'Category' object has no attribute 'name'
Traceback (most recent call last):
  File "/app/apps/ticket/signals.py", line 70, in send_notification
    category_name = ticket.category.name if ticket.category else 'Noma\'lum'
                    ^^^^^^^^^^^^^^^^^^^^
AttributeError: 'Category' object has no attribute 'name'
INFO 2025-12-20 19:48:44,919 signals 10 139358245636992 User 946770236 ga admin javobi haqida push notification yuborildi
INFO 2025-12-20 19:48:45,414 signals 10 139358172608192 User 946770236 ga admin javobi haqida xabar yuborildi
INFO 2025-12-20 19:49:09,222 views 10 139358245636992 Ticket TKT-67A4F293 admin 1 ga biriktirildi
INFO 2025-12-20 19:49:09,255 signals 10 139358245636992 Admin 5859017460 ga user javobi haqida push notification yuborildi
ERROR 2025-12-20 19:49:09,288 signals 10 139358172608192 Ticket ma'lumotlarini olishda xatolik: 'Category' object has no attribute 'name'
Traceback (most recent call last):
  File "/app/apps/ticket/signals.py", line 70, in send_notification
    category_name = ticket.category.name if ticket.category else 'Noma\'lum'
                    ^^^^^^^^^^^^^^^^^^^^
AttributeError: 'Category' object has no attribute 'name'
INFO 2025-12-20 19:49:24,588 views 10 139358245636992 Ticket TKT-B83B1778 admin 1 ga biriktirildi
INFO 2025-12-20 19:49:24,628 signals 10 139358245636992 Admin 5859017460 ga user javobi haqida push notification yuborildi
ERROR 2025-12-20 19:49:24,662 signals 10 139358172608192 Ticket ma'lumotlarini olishda xatolik: 'Category' object has no attribute 'name'
Traceback (most recent call last):
  File "/app/apps/ticket/signals.py", line 70, in send_notification
    category_name = ticket.category.name if ticket.category else 'Noma\'lum'
                    ^^^^^^^^^^^^^^^^^^^^
AttributeError: 'Category' object has no attribute 'name'
INFO 2025-12-20 19:50:27,160 views 10 139358245636992 Ticket TKT-79CCDE0D admin 1 ga biriktirildi
INFO 2025-12-20 19:50:27,200 signals 10 139358245636992 Admin 5859017460 ga user javobi haqida push notification yuborildi
ERROR 2025-12-20 19:50:27,237 signals 10 139358172608192 Ticket ma'lumotlarini olishda xatolik: 'Category' object has no attribute 'name'
Traceback (most recent call last):
  File "/app/apps/ticket/signals.py", line 70, in send_notification
    category_name = ticket.category.name if ticket.category else 'Noma\'lum'
                    ^^^^^^^^^^^^^^^^^^^^
AttributeError: 'Category' object has no attribute 'name'
INFO 2025-12-20 19:50:35,734 signals 10 139358245636992 User 946770236 ga admin javobi haqida push notification yuborildi
INFO 2025-12-20 19:50:36,200 signals 10 139358172608192 User 946770236 ga admin javobi haqida xabar yuborildi
INFO 2025-12-20 19:51:21,935 views 10 139358245636992 Ticket TKT-CA1F8864 admin 1 ga biriktirildi
INFO 2025-12-20 19:51:21,969 signals 10 139358245636992 Admin 5859017460 ga user javobi haqida push notification yuborildi
ERROR 2025-12-20 19:51:22,012 signals 10 139358172608192 Ticket ma'lumotlarini olishda xatolik: 'Category' object has no attribute 'name'
Traceback (most recent call last):
  File "/app/apps/ticket/signals.py", line 70, in send_notification
    category_name = ticket.category.name if ticket.category else 'Noma\'lum'
                    ^^^^^^^^^^^^^^^^^^^^
AttributeError: 'Category' object has no attribute 'name'
INFO 2025-12-20 19:53:59,117 views 10 139358245636992 Ticket TKT-CF0791EA admin 1 ga biriktirildi
INFO 2025-12-20 19:53:59,152 signals 10 139358245636992 Admin 5859017460 ga user javobi haqida push notification yuborildi
ERROR 2025-12-20 19:53:59,185 signals 10 139358172608192 Ticket ma'lumotlarini olishda xatolik: 'Category' object has no attribute 'name'
Traceback (most recent call last):
  File "/app/apps/ticket/signals.py", line 70, in send_notification
    category_name = ticket.category.name if ticket.category else 'Noma\'lum'
                    ^^^^^^^^^^^^^^^^^^^^
AttributeError: 'Category' object has no attribute 'name'
ERROR 2025-12-20 20:04:14,563 log 10 138411261754240 Internal Server Error: /api/ticket/tickets/close_expired/
Traceback (most recent call last):
  File "/usr/local/lib/python3.12/site-packages/django/db/backends/utils.py", line 105, in _execute
    return self.cursor.execute(sql, params)
           ^^^^^^^^^^^^^^^^^^^^^^^^^^^^^^^^
psycopg2.errors.NotNullViolation: null value in column "admin_id" of relation "ticket_adminactivitylog" violates not-null constraint
DETAIL:  Failing row contains (7, 2025-12-20 15:04:14.477524+00, 2025-12-20 15:04:14.477557+00, closed, null, 10).


The above exception was the direct cause of the following exception:

Traceback (most recent call last):
  File "/usr/local/lib/python3.12/site-packages/django/core/handlers/exception.py", line 55, in inner
    response = get_response(request)
               ^^^^^^^^^^^^^^^^^^^^^
  File "/usr/local/lib/python3.12/site-packages/django/core/handlers/base.py", line 198, in _get_response
    response = wrapped_callback(request, *callback_args, **callback_kwargs)
               ^^^^^^^^^^^^^^^^^^^^^^^^^^^^^^^^^^^^^^^^^^^^^^^^^^^^^^^^^^^^
  File "/usr/local/lib/python3.12/site-packages/django/views/decorators/csrf.py", line 65, in _view_wrapper
    return view_func(request, *args, **kwargs)
           ^^^^^^^^^^^^^^^^^^^^^^^^^^^^^^^^^^^
  File "/usr/local/lib/python3.12/site-packages/rest_framework/viewsets.py", line 125, in view
    return self.dispatch(request, *args, **kwargs)
           ^^^^^^^^^^^^^^^^^^^^^^^^^^^^^^^^^^^^^^^
  File "/usr/local/lib/python3.12/site-packages/rest_framework/views.py", line 515, in dispatch
    response = self.handle_exception(exc)
               ^^^^^^^^^^^^^^^^^^^^^^^^^^
  File "/usr/local/lib/python3.12/site-packages/rest_framework/views.py", line 475, in handle_exception
    self.raise_uncaught_exception(exc)
  File "/usr/local/lib/python3.12/site-packages/rest_framework/views.py", line 486, in raise_uncaught_exception
    raise exc
  File "/usr/local/lib/python3.12/site-packages/rest_framework/views.py", line 512, in dispatch
    response = handler(request, *args, **kwargs)
               ^^^^^^^^^^^^^^^^^^^^^^^^^^^^^^^^^
  File "/app/apps/ticket/views.py", line 192, in close_expired
    AdminActivityLog.objects.create(
  File "/usr/local/lib/python3.12/site-packages/django/db/models/manager.py", line 87, in manager_method
    return getattr(self.get_queryset(), name)(*args, **kwargs)
           ^^^^^^^^^^^^^^^^^^^^^^^^^^^^^^^^^^^^^^^^^^^^^^^^^^^
  File "/usr/local/lib/python3.12/site-packages/django/db/models/query.py", line 669, in create
    obj.save(force_insert=True, using=self.db)
  File "/usr/local/lib/python3.12/site-packages/django/db/models/base.py", line 874, in save
    self.save_base(
  File "/usr/local/lib/python3.12/site-packages/django/db/models/base.py", line 966, in save_base
    updated = self._save_table(
              ^^^^^^^^^^^^^^^^^
  File "/usr/local/lib/python3.12/site-packages/django/db/models/base.py", line 1167, in _save_table
    results = self._do_insert(
              ^^^^^^^^^^^^^^^^
  File "/usr/local/lib/python3.12/site-packages/django/db/models/base.py", line 1218, in _do_insert
    return manager._insert(
           ^^^^^^^^^^^^^^^^
  File "/usr/local/lib/python3.12/site-packages/django/db/models/manager.py", line 87, in manager_method
    return getattr(self.get_queryset(), name)(*args, **kwargs)
           ^^^^^^^^^^^^^^^^^^^^^^^^^^^^^^^^^^^^^^^^^^^^^^^^^^^
  File "/usr/local/lib/python3.12/site-packages/django/db/models/query.py", line 1918, in _insert
    return query.get_compiler(using=using).execute_sql(returning_fields)
           ^^^^^^^^^^^^^^^^^^^^^^^^^^^^^^^^^^^^^^^^^^^^^^^^^^^^^^^^^^^^^
  File "/usr/local/lib/python3.12/site-packages/django/db/models/sql/compiler.py", line 1925, in execute_sql
    cursor.execute(sql, params)
  File "/usr/local/lib/python3.12/site-packages/django/db/backends/utils.py", line 122, in execute
    return super().execute(sql, params)
           ^^^^^^^^^^^^^^^^^^^^^^^^^^^^
  File "/usr/local/lib/python3.12/site-packages/django/db/backends/utils.py", line 79, in execute
    return self._execute_with_wrappers(
           ^^^^^^^^^^^^^^^^^^^^^^^^^^^^
  File "/usr/local/lib/python3.12/site-packages/django/db/backends/utils.py", line 92, in _execute_with_wrappers
    return executor(sql, params, many, context)
           ^^^^^^^^^^^^^^^^^^^^^^^^^^^^^^^^^^^^
  File "/usr/local/lib/python3.12/site-packages/django/db/backends/utils.py", line 100, in _execute
    with self.db.wrap_database_errors:
         ^^^^^^^^^^^^^^^^^^^^^^^^^^^^
  File "/usr/local/lib/python3.12/site-packages/django/db/utils.py", line 94, in __exit__
    raise dj_exc_value.with_traceback(traceback) from exc_value
  File "/usr/local/lib/python3.12/site-packages/django/db/backends/utils.py", line 105, in _execute
    return self.cursor.execute(sql, params)
           ^^^^^^^^^^^^^^^^^^^^^^^^^^^^^^^^
django.db.utils.IntegrityError: null value in column "admin_id" of relation "ticket_adminactivitylog" violates not-null constraint
DETAIL:  Failing row contains (7, 2025-12-20 15:04:14.477524+00, 2025-12-20 15:04:14.477557+00, closed, null, 10).

INFO 2025-12-20 20:04:32,814 views 10 138411261754240 Ticket TKT-F9FD9A1A admin 1 ga biriktirildi
INFO 2025-12-20 20:04:32,853 signals 10 138411261754240 Admin 5859017460 ga user javobi haqida push notification yuborildi
INFO 2025-12-20 20:04:33,357 signals 10 138411188942528 Admin 5859017460 ga yangi ticket 11 haqida xabar yuborildi
